This is pdfTeX, Version 3.14159265-2.6-1.40.21 (TeX Live 2020/W32TeX) (preloaded format=pdflatex 2020.11.21)  23 OCT 2021 18:38
entering extended mode
 restricted \write18 enabled.
 %&-line parsing enabled.
**main.tex
(./main.tex
LaTeX2e <2020-10-01> patch level 2
L3 programming layer <2020-10-27> xparse <2020-03-03>
(c:/texlive/2020/texmf-dist/tex/latex/base/article.cls
Document Class: article 2020/04/10 v1.4m Standard LaTeX document class
(c:/texlive/2020/texmf-dist/tex/latex/base/size10.clo
File: size10.clo 2020/04/10 v1.4m Standard LaTeX file (size option)
)
\c@part=\count175
\c@section=\count176
\c@subsection=\count177
\c@subsubsection=\count178
\c@paragraph=\count179
\c@subparagraph=\count180
\c@figure=\count181
\c@table=\count182
\abovecaptionskip=\skip47
\belowcaptionskip=\skip48
\bibindent=\dimen138
)
(c:/texlive/2020/texmf-dist/tex/latex/cjk-ko/kotex.sty
Package: kotex 2015/04/19 v1.6 Korean TeX (ko.TeX)

(c:/texlive/2020/texmf-dist/tex/latex/kotex-utf/kotex.cfg)
(c:/texlive/2020/texmf-dist/tex/latex/kotex-utf/kotexutf.sty
Package: kotexutf 2015/07/18 v2.1.1 typesetting UTF-8 Korean documents

(c:/texlive/2020/texmf-dist/tex/latex/base/inputenc.sty
Package: inputenc 2020/08/01 v1.3d Input encoding file
\inpenc@prehook=\toks15
\inpenc@posthook=\toks16
)
(c:/texlive/2020/texmf-dist/tex/plain/kotex-plain/kotexutf-core.tex
\unih@ngulpoint=\count183
\dhucs@emph@raise=\dimen139
)
Now handling font encoding LUC ...
... processing UTF-8 mapping file for font encoding LUC

(c:/texlive/2020/texmf-dist/tex/latex/kotex-utf/lucenc.dfu
File: lucenc.dfu 2007/09/05 UTF-8 support for dhucs
   defining Unicode char U+00B7 (decimal 183)
   defining Unicode char U+2018 (decimal 8216)
   defining Unicode char U+2019 (decimal 8217)
   defining Unicode char U+201C (decimal 8220)
   defining Unicode char U+201D (decimal 8221)
   defining Unicode char U+3001 (decimal 12289)
   defining Unicode char U+3002 (decimal 12290)
   defining Unicode char U+3008 (decimal 12296)
   defining Unicode char U+3009 (decimal 12297)
   defining Unicode char U+300A (decimal 12298)
   defining Unicode char U+300B (decimal 12299)
   defining Unicode char U+300C (decimal 12300)
   defining Unicode char U+300D (decimal 12301)
   defining Unicode char U+300E (decimal 12302)
   defining Unicode char U+300F (decimal 12303)
   defining Unicode char U+3010 (decimal 12304)
   defining Unicode char U+3011 (decimal 12305)
   defining Unicode char U+3014 (decimal 12308)
   defining Unicode char U+3015 (decimal 12309)
   defining Unicode char U+3016 (decimal 12310)
   defining Unicode char U+3017 (decimal 12311)
   defining Unicode char U+3018 (decimal 12312)
   defining Unicode char U+3019 (decimal 12313)
   defining Unicode char U+301A (decimal 12314)
   defining Unicode char U+301B (decimal 12315)
   defining Unicode char U+FF01 (decimal 65281)
   defining Unicode char U+FF08 (decimal 65288)
   defining Unicode char U+FF09 (decimal 65289)
   defining Unicode char U+FF0C (decimal 65292)
   defining Unicode char U+FF0E (decimal 65294)
   defining Unicode char U+FF1A (decimal 65306)
   defining Unicode char U+FF1B (decimal 65307)
   defining Unicode char U+FF1C (decimal 65308)
   defining Unicode char U+FF1D (decimal 65309)
   defining Unicode char U+FF1E (decimal 65310)
   defining Unicode char U+FF1F (decimal 65311)
   defining Unicode char U+FF3B (decimal 65339)
   defining Unicode char U+FF3D (decimal 65341)
   defining Unicode char U+FF5B (decimal 65371)
   defining Unicode char U+FF5D (decimal 65373)
   defining Unicode char U+FF61 (decimal 65377)
   defining Unicode char U+FF62 (decimal 65378)
   defining Unicode char U+FF63 (decimal 65379)
   defining Unicode char U+FF64 (decimal 65380)
   defining Unicode char U+FF65 (decimal 65381)
)
\@josa=\count184
\josatoks=\toks17

(c:/texlive/2020/texmf-dist/tex/latex/cjk-ko/kolabels-utf.sty
Package: kolabels-utf 2015/03/20 v1.5 UTF-8 Hangul item labels
)))
(c:/texlive/2020/texmf-dist/tex/latex/l3backend/l3backend-pdftex.def
File: l3backend-pdftex.def 2020-09-24 L3 backend support: PDF output (pdfTeX)
\l__kernel_color_stack_int=\count185
\l__pdf_internal_box=\box47
)
(./main.aux)
\openout1 = `main.aux'.

LaTeX Font Info:    Checking defaults for OML/cmm/m/it on input line 12.
LaTeX Font Info:    ... okay on input line 12.
LaTeX Font Info:    Checking defaults for OMS/cmsy/m/n on input line 12.
LaTeX Font Info:    ... okay on input line 12.
LaTeX Font Info:    Checking defaults for OT1/cmr/m/n on input line 12.
LaTeX Font Info:    ... okay on input line 12.
LaTeX Font Info:    Checking defaults for T1/cmr/m/n on input line 12.
LaTeX Font Info:    ... okay on input line 12.
LaTeX Font Info:    Checking defaults for TS1/cmr/m/n on input line 12.
LaTeX Font Info:    ... okay on input line 12.
LaTeX Font Info:    Checking defaults for OMX/cmex/m/n on input line 12.
LaTeX Font Info:    ... okay on input line 12.
LaTeX Font Info:    Checking defaults for U/cmr/m/n on input line 12.
LaTeX Font Info:    ... okay on input line 12.
LaTeX Font Info:    Checking defaults for LUC/nanummj/m/n on input line 12.
LaTeX Font Info:    Trying to load font information for LUC+nanummj on input li
ne 12.
 (c:/texlive/2020/texmf-dist/tex/latex/nanumtype1/lucnanummj.fd
File: lucnanummj.fd 2013/02/12 v0.1 Nanum Myeongjo font definitions
)
LaTeX Font Info:    ... okay on input line 12.


LaTeX Font Warning: Font shape `LUC/nanummj/m/sc' undefined
(Font)              using `LUC/nanummj/m/n' instead on input line 14.

LaTeX Font Info:    External font `cmex10' loaded for size
(Font)              <12> on input line 14.
LaTeX Font Info:    External font `cmex10' loaded for size
(Font)              <8> on input line 14.
LaTeX Font Info:    External font `cmex10' loaded for size
(Font)              <6> on input line 14.
[1

{c:/texlive/2020/texmf-var/fonts/map/pdftex/updmap/pdftex.map}]
LaTeX Font Info:    External font `cmex10' loaded for size
(Font)              <7> on input line 31.
LaTeX Font Info:    External font `cmex10' loaded for size
(Font)              <5> on input line 31.
 [2]
LaTeX Font Info:    Trying to load font information for LUC+uhcmj on input line
 86.

(c:/texlive/2020/texmf-dist/tex/latex/kotex-utf/lucuhcmj.fd
File: lucuhcmj.fd 2013/09/26 UHC Myeongjo font definitions
) [3] [4]
(./main.aux)

LaTeX Font Warning: Some font shapes were not available, defaults substituted.

 ) 
Here is how much of TeX's memory you used:
 1000 strings out of 479485
 15840 string characters out of 5875915
 293802 words of memory out of 5000000
 17956 multiletter control sequences out of 15000+600000
 578697 words of font info for 161 fonts, out of 8000000 for 9000
 1141 hyphenation exceptions out of 8191
 66i,8n,72p,388b,259s stack positions out of 5000i,500n,10000p,200000b,80000s
{c:/texlive/2020/texmf-dist/fonts/enc/dvips/cm-super/cm-super-ts1.enc}<c:/tex
live/2020/texmf-dist/fonts/type1/public/amsfonts/cm/cmbx10.pfb><c:/texlive/2020
/texmf-dist/fonts/type1/public/amsfonts/cm/cmbx12.pfb><c:/texlive/2020/texmf-di
st/fonts/type1/public/amsfonts/cm/cmcsc10.pfb><c:/texlive/2020/texmf-dist/fonts
/type1/public/amsfonts/cm/cmr10.pfb><c:/texlive/2020/texmf-dist/fonts/type1/pub
lic/amsfonts/cm/cmr12.pfb><c:/texlive/2020/texmf-dist/fonts/type1/public/amsfon
ts/cm/cmr6.pfb><c:/texlive/2020/texmf-dist/fonts/type1/public/amsfonts/cm/cmr7.
pfb><c:/texlive/2020/texmf-dist/fonts/type1/public/amsfonts/cm/cmr8.pfb><c:/tex
live/2020/texmf-dist/fonts/type1/public/amsfonts/cm/cmsy10.pfb><c:/texlive/2020
/texmf-dist/fonts/type1/public/amsfonts/cm/cmsy8.pfb><c:/texlive/2020/texmf-dis
t/fonts/type1/public/nanumtype1/nanummjbac.pfb><c:/texlive/2020/texmf-dist/font
s/type1/public/nanumtype1/nanummjbae.pfb><c:/texlive/2020/texmf-dist/fonts/type
1/public/nanumtype1/nanummjbb0.pfb><c:/texlive/2020/texmf-dist/fonts/type1/publ
ic/nanumtype1/nanummjbb2.pfb><c:/texlive/2020/texmf-dist/fonts/type1/public/nan
umtype1/nanummjbba.pfb><c:/texlive/2020/texmf-dist/fonts/type1/public/nanumtype
1/nanummjbbc.pfb><c:/texlive/2020/texmf-dist/fonts/type1/public/nanumtype1/nanu
mmjbc0.pfb><c:/texlive/2020/texmf-dist/fonts/type1/public/nanumtype1/nanummjbc1
.pfb><c:/texlive/2020/texmf-dist/fonts/type1/public/nanumtype1/nanummjbc5.pfb><
c:/texlive/2020/texmf-dist/fonts/type1/public/nanumtype1/nanummjbc6.pfb><c:/tex
live/2020/texmf-dist/fonts/type1/public/nanumtype1/nanummjbc7.pfb><c:/texlive/2
020/texmf-dist/fonts/type1/public/nanumtype1/nanummjbc8.pfb><c:/texlive/2020/te
xmf-dist/fonts/type1/public/nanumtype1/nanummjbd4.pfb><c:/texlive/2020/texmf-di
st/fonts/type1/public/nanumtype1/nanummjbd5.pfb><c:/texlive/2020/texmf-dist/fon
ts/type1/public/nanumtype1/nanummjmac.pfb><c:/texlive/2020/texmf-dist/fonts/typ
e1/public/nanumtype1/nanummjmad.pfb><c:/texlive/2020/texmf-dist/fonts/type1/pub
lic/nanumtype1/nanummjmae.pfb><c:/texlive/2020/texmf-dist/fonts/type1/public/na
numtype1/nanummjmb0.pfb><c:/texlive/2020/texmf-dist/fonts/type1/public/nanumtyp
e1/nanummjmb1.pfb><c:/texlive/2020/texmf-dist/fonts/type1/public/nanumtype1/nan
ummjmb2.pfb><c:/texlive/2020/texmf-dist/fonts/type1/public/nanumtype1/nanummjmb
3.pfb><c:/texlive/2020/texmf-dist/fonts/type1/public/nanumtype1/nanummjmb4.pfb>
<c:/texlive/2020/texmf-dist/fonts/type1/public/nanumtype1/nanummjmb5.pfb><c:/te
xlive/2020/texmf-dist/fonts/type1/public/nanumtype1/nanummjmb7.pfb><c:/texlive/
2020/texmf-dist/fonts/type1/public/nanumtype1/nanummjmb8.pfb><c:/texlive/2020/t
exmf-dist/fonts/type1/public/nanumtype1/nanummjmb9.pfb><c:/texlive/2020/texmf-d
ist/fonts/type1/public/nanumtype1/nanummjmba.pfb><c:/texlive/2020/texmf-dist/fo
nts/type1/public/nanumtype1/nanummjmbb.pfb><c:/texlive/2020/texmf-dist/fonts/ty
pe1/public/nanumtype1/nanummjmbc.pfb><c:/texlive/2020/texmf-dist/fonts/type1/pu
blic/nanumtype1/nanummjmbd.pfb><c:/texlive/2020/texmf-dist/fonts/type1/public/n
anumtype1/nanummjmbe.pfb><c:/texlive/2020/texmf-dist/fonts/type1/public/nanumty
pe1/nanummjmc0.pfb><c:/texlive/2020/texmf-dist/fonts/type1/public/nanumtype1/na
nummjmc1.pfb><c:/texlive/2020/texmf-dist/fonts/type1/public/nanumtype1/nanummjm
c2.pfb><c:/texlive/2020/texmf-dist/fonts/type1/public/nanumtype1/nanummjmc3.pfb
><c:/texlive/2020/texmf-dist/fonts/type1/public/nanumtype1/nanummjmc5.pfb><c:/t
exlive/2020/texmf-dist/fonts/type1/public/nanumtype1/nanummjmc6.pfb><c:/texlive
/2020/texmf-dist/fonts/type1/public/nanumtype1/nanummjmc7.pfb><c:/texlive/2020/
texmf-dist/fonts/type1/public/nanumtype1/nanummjmc8.pfb><c:/texlive/2020/texmf-
dist/fonts/type1/public/nanumtype1/nanummjmc9.pfb><c:/texlive/2020/texmf-dist/f
onts/type1/public/nanumtype1/nanummjmca.pfb><c:/texlive/2020/texmf-dist/fonts/t
ype1/public/nanumtype1/nanummjmcc.pfb><c:/texlive/2020/texmf-dist/fonts/type1/p
ublic/nanumtype1/nanummjmcd.pfb><c:/texlive/2020/texmf-dist/fonts/type1/public/
nanumtype1/nanummjmce.pfb><c:/texlive/2020/texmf-dist/fonts/type1/public/nanumt
ype1/nanummjmd0.pfb><c:/texlive/2020/texmf-dist/fonts/type1/public/nanumtype1/n
anummjmd2.pfb><c:/texlive/2020/texmf-dist/fonts/type1/public/nanumtype1/nanummj
md4.pfb><c:/texlive/2020/texmf-dist/fonts/type1/public/nanumtype1/nanummjmd5.pf
b><c:/texlive/2020/texmf-dist/fonts/type1/public/nanumtype1/nanummjmd6.pfb><c:/
texlive/2020/texmf-dist/fonts/type1/public/nanumtype1/nanummjmd7.pfb><c:/texliv
e/2020/texmf-dist/fonts/type1/public/cm-super/sfrm1000.pfb><c:/texlive/2020/tex
mf-dist/fonts/type1/uhc/umj/umj26.pfb><c:/texlive/2020/texmf-dist/fonts/type1/u
hc/umj/umj30.pfb>
Output written on main.pdf (4 pages, 2134559 bytes).
PDF statistics:
 271 PDF objects out of 1000 (max. 8388607)
 200 compressed objects within 2 object streams
 0 named destinations out of 1000 (max. 500000)
 1 words of extra memory for PDF output out of 10000 (max. 10000000)

